<?xml version="1.0" encoding="UTF-8"?>
<!-- Generated by org.testng.reporters.JUnitReportReporter -->
<testsuite hostname="DESKTOP-V23L3TE" failures="0" tests="3" name="TBGtestcase.LoginTest" time="10.052" errors="0" timestamp="2023-06-12T15:26:40 IST" skipped="0">
  <testcase classname="TBGtestcase.LoginTest" name="login" time="0.496"/>
  <system-out/>
  <testcase classname="TBGtestcase.LoginTest" name="logout" time="9.509"/>
  <system-out/>
  <testcase classname="TBGtestcase.LoginTest" name="verifytittle" time="0.047"/>
  <system-out/>
</testsuite> <!-- TBGtestcase.LoginTest -->
