<?xml version="1.0" encoding="UTF-8"?>
<!-- Generated by org.testng.reporters.JUnitReportReporter -->
<testsuite hostname="DESKTOP-V23L3TE" failures="0" tests="3" name="TBGtestcase.LoginTest" time="5.305" errors="0" timestamp="2023-05-12T16:27:21 IST" skipped="0">
  <testcase classname="TBGtestcase.LoginTest" name="login" time="0.434"/>
  <system-out/>
  <testcase classname="TBGtestcase.LoginTest" name="logout" time="4.860"/>
  <system-out/>
  <testcase classname="TBGtestcase.LoginTest" name="verifytittle" time="0.011"/>
  <system-out/>
</testsuite> <!-- TBGtestcase.LoginTest -->
