<?xml version="1.0" encoding="UTF-8"?>
<!-- Generated by org.testng.reporters.JUnitReportReporter -->
<testsuite hostname="DESKTOP-V23L3TE" failures="0" tests="3" name="TBGtestcase.LoginTest" time="7.408" errors="0" timestamp="2023-05-10T14:06:40 IST" skipped="0">
  <testcase classname="TBGtestcase.LoginTest" name="verifytittle" time="0.023"/>
  <system-out/>
  <testcase classname="TBGtestcase.LoginTest" name="logout" time="6.696"/>
  <system-out/>
  <testcase classname="TBGtestcase.LoginTest" name="login" time="0.689"/>
  <system-out/>
</testsuite> <!-- TBGtestcase.LoginTest -->
