<?xml version="1.0" encoding="UTF-8"?>
<!-- Generated by org.testng.reporters.JUnitReportReporter -->
<testsuite hostname="DESKTOP-V23L3TE" failures="0" tests="3" name="TBGtestcase.LoginTest" time="5.272" errors="0" timestamp="2023-05-11T18:46:18 IST" skipped="0">
  <testcase classname="TBGtestcase.LoginTest" name="logout" time="4.751"/>
  <system-out/>
  <testcase classname="TBGtestcase.LoginTest" name="login" time="0.513"/>
  <system-out/>
  <testcase classname="TBGtestcase.LoginTest" name="verifytittle" time="0.008"/>
  <system-out/>
</testsuite> <!-- TBGtestcase.LoginTest -->
